TN:
SF:D:\Workarea\iotaeco\iota-pico-crypto\src\index.ts
FNF:0
FNH:0
LF:0
LH:0
BRF:0
BRH:0
end_of_record
TN:
SF:D:\Workarea\iotaeco\iota-pico-crypto\src\digests\sha3.ts
FN:50,(anonymous_0)
FN:64,(anonymous_1)
FN:76,(anonymous_2)
FN:115,(anonymous_3)
FN:143,(anonymous_4)
FN:160,(anonymous_5)
FNF:6
FNH:6
FNDA:51099,(anonymous_0)
FNDA:123604,(anonymous_1)
FNDA:133775,(anonymous_2)
FNDA:71800,(anonymous_3)
FNDA:71800,(anonymous_4)
FNDA:91885,(anonymous_5)
DA:1,1
DA:2,1
DA:7,1
DA:9,1
DA:11,1
DA:13,1
DA:51,51099
DA:52,51099
DA:53,51099
DA:54,51099
DA:55,51099
DA:56,51099
DA:58,51099
DA:65,123604
DA:66,123604
DA:67,123604
DA:68,123604
DA:69,123604
DA:77,133775
DA:78,2
DA:80,133773
DA:81,133773
DA:82,133773
DA:85,133773
DA:86,153848
DA:87,133652
DA:88,133652
DA:89,133652
DA:90,3475752
DA:93,153848
DA:94,8373210
DA:96,153848
DA:97,153848
DA:98,20085
DA:99,20085
DA:100,20085
DA:101,522970
DA:103,20085
DA:104,20085
DA:106,133763
DA:116,71800
DA:118,71800
DA:119,71800
DA:120,71800
DA:122,71800
DA:123,2
DA:125,71798
DA:127,71800
DA:128,71800
DA:129,71799
DA:130,861566
DA:133,71800
DA:134,2
DA:135,2
DA:137,71800
DA:139,71800
DA:144,71800
DA:145,71800
DA:146,71800
DA:147,1
DA:148,1
DA:149,50
DA:152,71800
DA:153,71800
DA:154,1866864
DA:156,71800
DA:166,91885
DA:167,2205240
DA:168,2205240
DA:169,2205240
DA:170,2205240
DA:171,2205240
DA:172,2205240
DA:173,2205240
DA:174,2205240
DA:175,2205240
DA:176,2205240
DA:178,2205240
DA:179,2205240
DA:180,2205240
DA:181,2205240
DA:182,2205240
DA:183,2205240
DA:184,2205240
DA:185,2205240
DA:186,2205240
DA:187,2205240
DA:188,2205240
DA:189,2205240
DA:190,2205240
DA:191,2205240
DA:192,2205240
DA:193,2205240
DA:194,2205240
DA:195,2205240
DA:196,2205240
DA:197,2205240
DA:198,2205240
DA:199,2205240
DA:200,2205240
DA:201,2205240
DA:202,2205240
DA:203,2205240
DA:204,2205240
DA:205,2205240
DA:206,2205240
DA:207,2205240
DA:208,2205240
DA:209,2205240
DA:210,2205240
DA:211,2205240
DA:212,2205240
DA:213,2205240
DA:214,2205240
DA:215,2205240
DA:216,2205240
DA:217,2205240
DA:218,2205240
DA:219,2205240
DA:220,2205240
DA:221,2205240
DA:222,2205240
DA:223,2205240
DA:224,2205240
DA:225,2205240
DA:226,2205240
DA:227,2205240
DA:228,2205240
DA:229,2205240
DA:230,2205240
DA:231,2205240
DA:232,2205240
DA:233,2205240
DA:234,2205240
DA:235,2205240
DA:236,2205240
DA:237,2205240
DA:239,2205240
DA:240,2205240
DA:241,2205240
DA:242,2205240
DA:243,2205240
DA:244,2205240
DA:245,2205240
DA:246,2205240
DA:247,2205240
DA:248,2205240
DA:249,2205240
DA:250,2205240
DA:251,2205240
DA:252,2205240
DA:253,2205240
DA:254,2205240
DA:255,2205240
DA:256,2205240
DA:257,2205240
DA:258,2205240
DA:259,2205240
DA:260,2205240
DA:261,2205240
DA:262,2205240
DA:263,2205240
DA:264,2205240
DA:265,2205240
DA:266,2205240
DA:267,2205240
DA:268,2205240
DA:269,2205240
DA:270,2205240
DA:271,2205240
DA:272,2205240
DA:273,2205240
DA:274,2205240
DA:275,2205240
DA:276,2205240
DA:277,2205240
DA:278,2205240
DA:279,2205240
DA:280,2205240
DA:281,2205240
DA:282,2205240
DA:283,2205240
DA:284,2205240
DA:285,2205240
DA:286,2205240
DA:287,2205240
DA:288,2205240
DA:290,2205240
DA:291,2205240
DA:292,2205240
DA:293,2205240
DA:294,2205240
DA:295,2205240
DA:296,2205240
DA:297,2205240
DA:298,2205240
DA:299,2205240
DA:300,2205240
DA:301,2205240
DA:302,2205240
DA:303,2205240
DA:304,2205240
DA:305,2205240
DA:306,2205240
DA:307,2205240
DA:308,2205240
DA:309,2205240
DA:310,2205240
DA:311,2205240
DA:312,2205240
DA:313,2205240
DA:314,2205240
DA:315,2205240
DA:316,2205240
DA:317,2205240
DA:318,2205240
DA:319,2205240
DA:320,2205240
DA:321,2205240
DA:322,2205240
DA:323,2205240
DA:324,2205240
DA:325,2205240
DA:326,2205240
DA:327,2205240
DA:328,2205240
DA:329,2205240
DA:330,2205240
DA:331,2205240
DA:332,2205240
DA:333,2205240
DA:334,2205240
DA:335,2205240
DA:336,2205240
DA:337,2205240
DA:338,2205240
DA:339,2205240
DA:341,2205240
DA:342,2205240
LF:239
LH:239
BRDA:77,0,0,2
BRDA:77,0,1,133773
BRDA:86,1,0,133652
BRDA:86,1,1,20196
BRDA:93,2,0,8527058
BRDA:93,2,1,8393285
BRDA:97,3,0,20085
BRDA:97,3,1,133763
BRDA:122,4,0,2
BRDA:122,4,1,71798
BRDA:129,5,0,933365
BRDA:129,5,1,933365
BRDA:133,6,0,2
BRDA:133,6,1,71798
BRDA:146,7,0,1
BRDA:146,7,1,71799
BRF:16
BRH:16
end_of_record
TN:
SF:D:\Workarea\iotaeco\iota-pico-crypto\src\error\cryptoError.ts
FN:13,(anonymous_0)
FNF:1
FNH:1
FNDA:72,(anonymous_0)
DA:1,1
DA:6,1
DA:14,72
DA:15,72
LF:4
LH:4
BRF:0
BRH:0
end_of_record
TN:
SF:D:\Workarea\iotaeco\iota-pico-crypto\src\factories\spongeFactory.ts
FN:17,(anonymous_0)
FN:25,(anonymous_1)
FN:28,(anonymous_2)
FN:29,(anonymous_3)
FN:35,(anonymous_4)
FNF:5
FNH:5
FNDA:1,(anonymous_0)
FNDA:2148,(anonymous_1)
FNDA:5,(anonymous_2)
FNDA:1066,(anonymous_3)
FNDA:1075,(anonymous_4)
DA:1,1
DA:3,1
DA:4,1
DA:9,1
DA:18,1
DA:26,2148
DA:27,1
DA:28,5
DA:29,1066
DA:31,2148
DA:36,1075
LF:11
LH:11
BRDA:26,0,0,1
BRDA:26,0,1,2147
BRF:2
BRH:2
end_of_record
TN:
SF:D:\Workarea\iotaeco\iota-pico-crypto\src\hash\iss.ts
FN:36,(anonymous_0)
FN:85,(anonymous_1)
FN:141,(anonymous_2)
FN:168,(anonymous_3)
FN:206,(anonymous_4)
FN:260,(anonymous_5)
FNF:6
FNH:6
FNDA:6,(anonymous_0)
FNDA:3,(anonymous_1)
FNDA:5,(anonymous_2)
FNDA:5,(anonymous_3)
FNDA:5,(anonymous_4)
FNDA:5,(anonymous_5)
DA:1,1
DA:2,1
DA:3,1
DA:4,1
DA:5,1
DA:6,1
DA:7,1
DA:8,1
DA:9,1
DA:10,1
DA:11,1
DA:17,1
DA:19,1
DA:21,1
DA:23,1
DA:25,1
DA:27,1
DA:37,6
DA:38,1
DA:41,5
DA:42,1
DA:45,4
DA:46,3
DA:49,1
DA:50,1
DA:51,1
DA:52,1
DA:54,1
DA:55,1
DA:57,1
DA:58,1
DA:59,1
DA:61,1
DA:62,1
DA:64,1
DA:65,1
DA:66,1
DA:67,1
DA:69,1
DA:70,1
DA:71,27
DA:72,27
DA:73,6561
DA:77,1
DA:86,3
DA:87,1
DA:90,2
DA:91,2
DA:92,2
DA:94,2
DA:95,1
DA:98,1
DA:100,1
DA:102,1
DA:105,1
DA:106,1
DA:107,1
DA:109,1
DA:110,27
DA:111,27
DA:113,27
DA:114,702
DA:115,702
DA:116,702
DA:119,27
DA:120,6561
DA:124,1
DA:125,1
DA:126,1
DA:128,1
DA:129,1
DA:130,243
DA:133,1
DA:142,5
DA:143,1
DA:146,4
DA:147,4
DA:149,4
DA:150,1
DA:153,3
DA:154,3
DA:156,3
DA:157,3
DA:159,3
DA:169,5
DA:170,1
DA:173,4
DA:174,1
DA:179,3
DA:180,3
DA:181,3
DA:183,3
DA:184,81
DA:186,81
DA:187,1053
DA:189,1053
DA:190,1053
DA:191,1053
DA:194,81
DA:197,3
DA:198,3
DA:207,5
DA:208,1
DA:211,4
DA:213,4
DA:215,4
DA:216,4
DA:218,4
DA:220,4
DA:221,12
DA:222,12
DA:223,324
DA:224,324
DA:225,324
DA:226,324
DA:229,12
DA:230,9
DA:231,2349
DA:232,14970
DA:233,2349
DA:234,2349
DA:239,3
DA:240,1053
DA:241,7644
DA:242,1053
DA:243,1053
DA:250,4
DA:261,5
DA:262,1
DA:265,4
DA:266,1
DA:269,3
DA:270,1
DA:273,2
DA:274,2
DA:276,2
DA:277,2
DA:279,2
DA:280,6
DA:283,2
DA:285,2
DA:286,2
DA:288,2
DA:289,486
DA:293,2
LF:145
LH:145
BRDA:37,0,0,1
BRDA:37,0,1,5
BRDA:41,1,0,1
BRDA:41,1,1,4
BRDA:41,2,0,5
BRDA:41,2,1,4
BRDA:45,3,0,3
BRDA:45,3,1,1
BRDA:45,4,0,4
BRDA:45,4,1,3
BRDA:45,4,2,2
BRDA:86,5,0,1
BRDA:86,5,1,2
BRDA:94,6,0,1
BRDA:94,6,1,1
BRDA:142,7,0,1
BRDA:142,7,1,4
BRDA:149,8,0,1
BRDA:149,8,1,3
BRDA:169,9,0,1
BRDA:169,9,1,4
BRDA:173,10,0,1
BRDA:173,10,1,3
BRDA:207,11,0,1
BRDA:207,11,1,4
BRDA:229,12,0,9
BRDA:229,12,1,3
BRDA:232,13,0,2349
BRDA:232,13,1,12621
BRDA:241,14,0,1053
BRDA:241,14,1,6591
BRDA:261,15,0,1
BRDA:261,15,1,4
BRDA:265,16,0,1
BRDA:265,16,1,3
BRDA:269,17,0,1
BRDA:269,17,1,2
BRF:37
BRH:37
end_of_record
TN:
SF:D:\Workarea\iotaeco\iota-pico-crypto\src\helpers\bigIntegerHelper.ts
FN:30,(anonymous_1)
FN:63,(anonymous_2)
FN:112,(anonymous_3)
FN:146,(anonymous_4)
FN:171,(anonymous_5)
FN:224,(anonymous_6)
FNF:6
FNH:6
FNDA:81883,(anonymous_1)
FNDA:81806,(anonymous_2)
FNDA:71883,(anonymous_3)
FNDA:3444011,(anonymous_4)
FNDA:71804,(anonymous_5)
FNDA:71906,(anonymous_6)
DA:1,1
DA:2,1
DA:4,1
DA:5,1
DA:11,1
DA:13,1
DA:15,1
DA:17,1
DA:20,1
DA:22,1
DA:31,81883
DA:32,2
DA:35,81881
DA:36,1
DA:39,81880
DA:40,1
DA:43,81879
DA:44,1
DA:47,81878
DA:49,81878
DA:50,19896354
DA:53,81878
DA:64,81806
DA:65,2
DA:68,81804
DA:69,1
DA:72,81803
DA:73,1
DA:76,81802
DA:77,1
DA:80,81801
DA:81,1
DA:84,81800
DA:86,81800
DA:87,19877400
DA:88,19877400
DA:89,19877400
DA:91,19877400
DA:92,6585279
DA:93,6585279
DA:95,19877400
DA:98,81800
DA:99,40849
DA:101,9926307
DA:113,71883
DA:114,2
DA:117,71881
DA:118,2
DA:121,71879
DA:122,1
DA:125,71878
DA:126,1
DA:130,71877
DA:132,71877
DA:134,71877
DA:136,36113
DA:139,71877
DA:140,11497
DA:142,71877
DA:145,71877
DA:146,3444011
DA:148,71877
DA:149,36113
DA:152,71877
DA:155,71877
DA:156,71877
DA:157,6085
DA:160,71877
DA:161,3444011
DA:172,71804
DA:173,2
DA:176,71802
DA:177,1
DA:180,71801
DA:181,1
DA:184,71800
DA:185,1
DA:188,71799
DA:190,71799
DA:191,71799
DA:192,3446352
DA:196,71799
DA:197,71799
DA:198,71799
DA:202,71799
DA:203,677
DA:204,806
DA:207,677
DA:210,71799
DA:211,35793
DA:214,71799
DA:215,71799
DA:216,71799
DA:217,3445546
DA:220,71799
DA:228,71906
DA:229,3450574
DA:232,71906
DA:233,71906
DA:234,72153
LF:100
LH:100
BRDA:31,0,0,2
BRDA:31,0,1,81881
BRDA:31,1,0,81883
BRDA:31,1,1,81882
BRDA:35,2,0,1
BRDA:35,2,1,81880
BRDA:35,3,0,81881
BRDA:35,3,1,81880
BRDA:39,4,0,1
BRDA:39,4,1,81879
BRDA:39,5,0,81880
BRDA:39,5,1,81879
BRDA:43,6,0,1
BRDA:43,6,1,81878
BRDA:64,7,0,2
BRDA:64,7,1,81804
BRDA:68,8,0,1
BRDA:68,8,1,81803
BRDA:72,9,0,1
BRDA:72,9,1,81802
BRDA:72,10,0,81803
BRDA:72,10,1,81802
BRDA:76,11,0,1
BRDA:76,11,1,81801
BRDA:76,12,0,81802
BRDA:76,12,1,81801
BRDA:80,13,0,1
BRDA:80,13,1,81800
BRDA:84,14,0,40849
BRDA:84,14,1,40951
BRDA:91,15,0,6585279
BRDA:91,15,1,13292121
BRDA:98,16,0,40849
BRDA:98,16,1,40951
BRDA:101,17,0,3319629
BRDA:101,17,1,6606678
BRDA:113,18,0,2
BRDA:113,18,1,71881
BRDA:117,19,0,2
BRDA:117,19,1,71879
BRDA:117,20,0,71881
BRDA:117,20,1,71879
BRDA:121,21,0,1
BRDA:121,21,1,71878
BRDA:121,22,0,71879
BRDA:121,22,1,71878
BRDA:125,23,0,1
BRDA:125,23,1,71877
BRDA:130,24,0,36113
BRDA:130,24,1,35764
BRDA:134,25,0,36113
BRDA:134,25,1,35764
BRDA:139,26,0,11497
BRDA:139,26,1,60380
BRDA:148,27,0,36113
BRDA:148,27,1,35764
BRDA:172,28,0,2
BRDA:172,28,1,71802
BRDA:172,29,0,71804
BRDA:172,29,1,71802
BRDA:176,30,0,1
BRDA:176,30,1,71801
BRDA:176,31,0,71802
BRDA:176,31,1,71801
BRDA:180,32,0,1
BRDA:180,32,1,71800
BRDA:180,33,0,71801
BRDA:180,33,1,71800
BRDA:184,34,0,1
BRDA:184,34,1,71799
BRDA:202,35,0,677
BRDA:202,35,1,71122
BRDA:202,36,0,71799
BRDA:202,36,1,71501
BRDA:203,37,0,1483
BRDA:203,37,1,807
BRDA:210,38,0,35793
BRDA:210,38,1,36006
BRDA:214,39,0,35793
BRDA:214,39,1,36006
BRDA:235,40,0,72153
BRDA:235,40,1,247
BRF:82
BRH:82
end_of_record
TN:
SF:D:\Workarea\iotaeco\iota-pico-crypto\src\interfaces\IProofOfWork.ts
FNF:0
FNH:0
LF:0
LH:0
BRF:0
BRH:0
end_of_record
TN:
SF:D:\Workarea\iotaeco\iota-pico-crypto\src\interfaces\ISponge.ts
FNF:0
FNH:0
LF:0
LH:0
BRF:0
BRH:0
end_of_record
TN:
SF:D:\Workarea\iotaeco\iota-pico-crypto\src\sponges\curl.ts
FN:27,(anonymous_0)
FN:36,(anonymous_1)
FN:54,(anonymous_2)
FN:62,(anonymous_3)
FN:73,(anonymous_4)
FN:83,(anonymous_5)
FN:120,(anonymous_6)
FN:156,(anonymous_7)
FNF:8
FNH:8
FNDA:40033,(anonymous_0)
FNDA:80019,(anonymous_1)
FNDA:5,(anonymous_2)
FNDA:40009,(anonymous_3)
FNDA:1,(anonymous_4)
FNDA:40012,(anonymous_5)
FNDA:40012,(anonymous_6)
FNDA:120014,(anonymous_7)
DA:1,1
DA:2,1
DA:3,1
DA:10,1
DA:11,1
DA:12,1
DA:13,1
DA:16,1
DA:28,40033
DA:37,80019
DA:39,2
DA:44,80016
DA:46,1
DA:55,5
DA:63,40009
DA:64,2
DA:66,40007
DA:74,1
DA:84,40012
DA:85,1
DA:87,40011
DA:88,2
DA:90,40009
DA:91,2
DA:93,40007
DA:94,2
DA:97,40005
DA:98,40005
DA:100,40005
DA:101,60007
DA:102,60007
DA:104,60007
DA:105,14581560
DA:108,60007
DA:110,60007
DA:121,40012
DA:122,1
DA:124,40011
DA:125,2
DA:127,40009
DA:128,2
DA:130,40007
DA:131,2
DA:134,40005
DA:135,40005
DA:137,40005
DA:139,60007
DA:140,60007
DA:142,60007
DA:143,14581558
DA:146,60007
DA:148,60007
DA:158,120014
DA:160,120014
DA:161,9721134
DA:163,9721134
DA:165,7086706686
LF:57
LH:57
BRDA:27,0,0,40032
BRDA:38,1,0,2
BRDA:38,1,1,80014
BRDA:38,1,2,80016
BRDA:38,1,3,1
BRDA:63,2,0,2
BRDA:63,2,1,40007
BRDA:84,3,0,1
BRDA:84,3,1,40011
BRDA:84,4,0,40012
BRDA:84,4,1,40011
BRDA:87,5,0,2
BRDA:87,5,1,40009
BRDA:87,6,0,40011
BRDA:87,6,1,40010
BRDA:90,7,0,2
BRDA:90,7,1,40007
BRDA:90,8,0,40009
BRDA:90,8,1,40008
BRDA:93,9,0,2
BRDA:93,9,1,40005
BRDA:102,10,0,1
BRDA:102,10,1,60006
BRDA:121,11,0,1
BRDA:121,11,1,40011
BRDA:121,12,0,40012
BRDA:121,12,1,40011
BRDA:124,13,0,2
BRDA:124,13,1,40009
BRDA:124,14,0,40011
BRDA:124,14,1,40010
BRDA:127,15,0,2
BRDA:127,15,1,40007
BRDA:127,16,0,40009
BRDA:127,16,1,40008
BRDA:130,17,0,2
BRDA:130,17,1,40005
BRDA:140,18,0,1
BRDA:140,18,1,60006
BRDA:165,19,0,3548213910
BRDA:165,19,1,3538492776
BRF:41
BRH:41
end_of_record
TN:
SF:D:\Workarea\iotaeco\iota-pico-crypto\src\sponges\kerl.ts
FN:26,(anonymous_0)
FN:35,(anonymous_1)
FN:51,(anonymous_2)
FN:59,(anonymous_3)
FN:65,(anonymous_4)
FN:75,(anonymous_5)
FN:116,(anonymous_6)
FNF:7
FNH:7
FNDA:41092,(anonymous_0)
FNDA:81080,(anonymous_1)
FNDA:3,(anonymous_2)
FNDA:41065,(anonymous_3)
FNDA:705,(anonymous_4)
FNDA:41854,(anonymous_5)
FNDA:41802,(anonymous_6)
DA:1,1
DA:2,1
DA:3,1
DA:4,1
DA:5,1
DA:12,1
DA:14,1
DA:16,1
DA:18,1
DA:27,41092
DA:36,81080
DA:41,81079
DA:43,1
DA:52,3
DA:66,705
DA:76,41854
DA:77,1
DA:79,41853
DA:80,2
DA:82,41851
DA:83,2
DA:85,41849
DA:86,2
DA:88,41847
DA:89,1
DA:92,41846
DA:93,41846
DA:95,41846
DA:96,61874
DA:98,61874
DA:99,61874
DA:100,61874
DA:101,61874
DA:103,61874
DA:105,61874
DA:106,61874
DA:117,41802
DA:118,1
DA:120,41801
DA:121,2
DA:123,41799
DA:124,2
DA:126,41797
DA:127,2
DA:129,41795
DA:130,1
DA:133,41794
DA:134,41794
DA:136,41794
DA:137,61796
DA:139,61796
DA:141,61796
DA:142,61796
DA:144,61796
DA:146,61796
DA:147,61796
DA:148,15016428
DA:151,61796
DA:152,61796
DA:153,2966208
DA:156,61796
DA:158,61796
LF:62
LH:62
BRDA:37,0,0,81077
BRDA:37,0,1,81078
BRDA:37,0,2,81079
BRDA:37,0,3,1
BRDA:76,1,0,1
BRDA:76,1,1,41853
BRDA:76,2,0,41854
BRDA:76,2,1,41853
BRDA:79,3,0,2
BRDA:79,3,1,41851
BRDA:79,4,0,41853
BRDA:79,4,1,41852
BRDA:82,5,0,2
BRDA:82,5,1,41849
BRDA:82,6,0,41851
BRDA:82,6,1,41850
BRDA:85,7,0,2
BRDA:85,7,1,41847
BRDA:88,8,0,1
BRDA:88,8,1,41846
BRDA:117,9,0,1
BRDA:117,9,1,41801
BRDA:117,10,0,41802
BRDA:117,10,1,41801
BRDA:120,11,0,2
BRDA:120,11,1,41799
BRDA:120,12,0,41801
BRDA:120,12,1,41800
BRDA:123,13,0,2
BRDA:123,13,1,41797
BRDA:123,14,0,41799
BRDA:123,14,1,41798
BRDA:126,15,0,2
BRDA:126,15,1,41795
BRDA:129,16,0,1
BRDA:129,16,1,41794
BRF:36
BRH:36
end_of_record
