TN:
SF:D:\Workarea\iotaeco\iota-pico-crypto\src\index.ts
FNF:0
FNH:0
LF:0
LH:0
BRF:0
BRH:0
end_of_record
TN:
SF:D:\Workarea\iotaeco\iota-pico-crypto\src\interfaces\ICurlProofOfWork.ts
FNF:0
FNH:0
LF:0
LH:0
BRF:0
BRH:0
end_of_record
TN:
SF:D:\Workarea\iotaeco\iota-pico-crypto\src\interfaces\ITritsHasher.ts
FNF:0
FNH:0
LF:0
LH:0
BRF:0
BRH:0
end_of_record
TN:
SF:D:\Workarea\iotaeco\iota-pico-crypto\src\tritsHashers\curl.ts
FN:26,(anonymous_0)
FN:34,(anonymous_1)
FN:46,(anonymous_2)
FN:54,(anonymous_3)
FN:69,(anonymous_4)
FN:79,(anonymous_5)
FN:113,(anonymous_6)
FN:145,(anonymous_7)
FNF:8
FNH:5
FNDA:5,(anonymous_0)
FNDA:0,(anonymous_1)
FNDA:0,(anonymous_2)
FNDA:4,(anonymous_3)
FNDA:0,(anonymous_4)
FNDA:4,(anonymous_5)
FNDA:4,(anonymous_6)
FNDA:12,(anonymous_7)
DA:1,1
DA:9,1
DA:10,1
DA:11,1
DA:12,1
DA:15,1
DA:27,5
DA:35,0
DA:47,0
DA:55,4
DA:56,0
DA:58,4
DA:60,4
DA:61,2916
DA:70,0
DA:80,4
DA:81,0
DA:83,4
DA:84,0
DA:86,4
DA:87,0
DA:90,4
DA:91,4
DA:93,4
DA:94,6
DA:95,6
DA:97,6
DA:98,1458
DA:101,6
DA:103,6
DA:114,4
DA:115,0
DA:117,4
DA:118,0
DA:120,4
DA:121,0
DA:123,4
DA:124,4
DA:126,4
DA:128,6
DA:129,6
DA:131,6
DA:132,1458
DA:135,6
DA:137,6
DA:146,12
DA:147,12
DA:149,12
DA:150,972
DA:152,972
DA:154,708588
LF:51
LH:41
BRDA:26,0,0,5
BRDA:55,1,0,0
BRDA:55,1,1,4
BRDA:80,2,0,0
BRDA:80,2,1,4
BRDA:80,3,0,4
BRDA:80,3,1,4
BRDA:83,4,0,0
BRDA:83,4,1,4
BRDA:83,5,0,4
BRDA:83,5,1,4
BRDA:86,6,0,0
BRDA:86,6,1,4
BRDA:86,7,0,4
BRDA:86,7,1,4
BRDA:95,8,0,0
BRDA:95,8,1,6
BRDA:114,9,0,0
BRDA:114,9,1,4
BRDA:114,10,0,4
BRDA:114,10,1,4
BRDA:117,11,0,0
BRDA:117,11,1,4
BRDA:117,12,0,4
BRDA:117,12,1,4
BRDA:120,13,0,0
BRDA:120,13,1,4
BRDA:120,14,0,4
BRDA:120,14,1,4
BRDA:129,15,0,0
BRDA:129,15,1,6
BRDA:154,16,0,354780
BRDA:154,16,1,353808
BRF:33
BRH:24
end_of_record
TN:
SF:D:\Workarea\iotaeco\iota-pico-crypto\src\tritsHashers\kerl.ts
FN:21,(anonymous_1)
FN:32,(anonymous_2)
FN:43,(anonymous_3)
FN:51,(anonymous_4)
FN:57,(anonymous_5)
FN:67,(anonymous_6)
FN:106,(anonymous_7)
FNF:7
FNH:5
FNDA:5,(anonymous_1)
FNDA:0,(anonymous_2)
FNDA:0,(anonymous_3)
FNDA:4,(anonymous_4)
FNDA:6,(anonymous_5)
FNDA:4,(anonymous_6)
FNDA:4,(anonymous_7)
DA:1,1
DA:2,1
DA:3,1
DA:11,1
DA:12,1
DA:13,1
DA:22,5
DA:23,5
DA:33,0
DA:44,0
DA:58,6
DA:68,4
DA:69,0
DA:71,4
DA:72,0
DA:74,4
DA:75,0
DA:77,4
DA:78,0
DA:81,4
DA:82,4
DA:84,4
DA:85,6
DA:87,6
DA:88,6
DA:91,6
DA:94,6
DA:96,6
DA:107,4
DA:108,0
DA:110,4
DA:111,0
DA:113,4
DA:114,0
DA:116,4
DA:117,0
DA:120,4
DA:121,4
DA:123,4
DA:125,6
DA:126,6
DA:129,6
DA:131,6
DA:132,6
DA:134,6
DA:135,1458
DA:138,6
DA:140,6
DA:141,72
DA:144,6
DA:146,6
LF:51
LH:41
BRDA:68,0,0,0
BRDA:68,0,1,4
BRDA:68,1,0,4
BRDA:68,1,1,4
BRDA:71,2,0,0
BRDA:71,2,1,4
BRDA:71,3,0,4
BRDA:71,3,1,4
BRDA:74,4,0,0
BRDA:74,4,1,4
BRDA:74,5,0,4
BRDA:74,5,1,4
BRDA:77,6,0,0
BRDA:77,6,1,4
BRDA:77,7,0,4
BRDA:77,7,1,4
BRDA:85,8,0,0
BRDA:85,8,1,6
BRDA:107,9,0,0
BRDA:107,9,1,4
BRDA:107,10,0,4
BRDA:107,10,1,4
BRDA:110,11,0,0
BRDA:110,11,1,4
BRDA:110,12,0,4
BRDA:110,12,1,4
BRDA:113,13,0,0
BRDA:113,13,1,4
BRDA:113,14,0,4
BRDA:113,14,1,4
BRDA:116,15,0,0
BRDA:116,15,1,4
BRDA:116,16,0,4
BRDA:116,16,1,4
BRDA:132,17,0,0
BRDA:132,17,1,6
BRF:36
BRH:26
end_of_record
